<?xml version="1.0" encoding="UTF-8"?>
<testsuite name="org.example.CalculatorTest" tests="1" skipped="0" failures="0" errors="0" timestamp="2022-09-24T07:08:05" hostname="LAPTOP-G4FF3C8N" time="0.034">
  <properties/>
  <testcase name="Simple multiplication should be tested" classname="org.example.CalculatorTest" time="0.034"/>
  <system-out><![CDATA[]]></system-out>
  <system-err><![CDATA[]]></system-err>
</testsuite>
